# JRE version: Java(TM) SE Runtime Environment (8.0_191-b12) (build 1.8.0_191-b12)
# Java VM: Java HotSpot(TM) 64-Bit Server VM (25.191-b12 mixed mode windows-amd64 compressed oops)
Heap:
 PSYoungGen      total 302080K, used 118288K [0x000000076b580000, 0x0000000790980000, 0x00000007c0000000)
  eden space 158208K, 74% used [0x000000076b580000,0x00000007729041c8,0x0000000775000000)
  from space 143872K, 0% used [0x0000000775000000,0x0000000775000000,0x000000077dc80000)
  to   space 175104K, 0% used [0x0000000785e80000,0x0000000785e80000,0x0000000790980000)
 ParOldGen       total 740352K, used 419537K [0x00000006c2000000, 0x00000006ef300000, 0x000000076b580000)
  object space 740352K, 56% used [0x00000006c2000000,0x00000006db9b45b0,0x00000006ef300000)
 Metaspace       used 18635K, capacity 19514K, committed 19840K, reserved 1067008K
  class space    used 2638K, capacity 2845K, committed 2944K, reserved 1048576K
GC Heap History (10 events):
Event: 4.673 GC heap before
{Heap before GC invocations=6 (full 1):
 PSYoungGen      total 140800K, used 132837K [0x000000076b580000, 0x0000000774980000, 0x00000007c0000000)
  eden space 130048K, 97% used [0x000000076b580000,0x00000007730ccbe8,0x0000000773480000)
  from space 10752K, 61% used [0x0000000773f00000,0x000000077456c888,0x0000000774980000)
  to   space 10752K, 0% used [0x0000000773480000,0x0000000773480000,0x0000000773f00000)
 ParOldGen       total 345088K, used 174222K [0x00000006c2000000, 0x00000006d7100000, 0x000000076b580000)
  object space 345088K, 50% used [0x00000006c2000000,0x00000006cca23918,0x00000006d7100000)
 Metaspace       used 18336K, capacity 19138K, committed 19328K, reserved 1064960K
  class space    used 2626K, capacity 2829K, committed 2944K, reserved 1048576K
Event: 4.689 GC heap after
Heap after GC invocations=6 (full 1):
 PSYoungGen      total 140800K, used 10722K [0x000000076b580000, 0x0000000784e00000, 0x00000007c0000000)
  eden space 130048K, 0% used [0x000000076b580000,0x000000076b580000,0x0000000773480000)
  from space 10752K, 99% used [0x0000000773480000,0x0000000773ef8870,0x0000000773f00000)
  to   space 116224K, 0% used [0x000000077dc80000,0x000000077dc80000,0x0000000784e00000)
 ParOldGen       total 345088K, used 279920K [0x00000006c2000000, 0x00000006d7100000, 0x000000076b580000)
  object space 345088K, 81% used [0x00000006c2000000,0x00000006d315c0b0,0x00000006d7100000)
 Metaspace       used 18336K, capacity 19138K, committed 19328K, reserved 1064960K
  class space    used 2626K, capacity 2829K, committed 2944K, reserved 1048576K
}
Event: 4.690 GC heap before
{Heap before GC invocations=7 (full 2):
 PSYoungGen      total 140800K, used 10722K [0x000000076b580000, 0x0000000784e00000, 0x00000007c0000000)
  eden space 130048K, 0% used [0x000000076b580000,0x000000076b580000,0x0000000773480000)
  from space 10752K, 99% used [0x0000000773480000,0x0000000773ef8870,0x0000000773f00000)
  to   space 116224K, 0% used [0x000000077dc80000,0x000000077dc80000,0x0000000784e00000)
 ParOldGen       total 345088K, used 279920K [0x00000006c2000000, 0x00000006d7100000, 0x000000076b580000)
  object space 345088K, 81% used [0x00000006c2000000,0x00000006d315c0b0,0x00000006d7100000)
 Metaspace       used 18336K, capacity 19138K, committed 19328K, reserved 1064960K
  class space    used 2626K, capacity 2829K, committed 2944K, reserved 1048576K
Event: 4.725 GC heap after
Heap after GC invocations=7 (full 2):
 PSYoungGen      total 140800K, used 0K [0x000000076b580000, 0x0000000784e00000, 0x00000007c0000000)
  eden space 130048K, 0% used [0x000000076b580000,0x000000076b580000,0x0000000773480000)
  from space 10752K, 0% used [0x0000000773480000,0x0000000773480000,0x0000000773f00000)
  to   space 116224K, 0% used [0x000000077dc80000,0x000000077dc80000,0x0000000784e00000)
 ParOldGen       total 537600K, used 282934K [0x00000006c2000000, 0x00000006e2d00000, 0x000000076b580000)
  object space 537600K, 52% used [0x00000006c2000000,0x00000006d344da00,0x00000006e2d00000)
 Metaspace       used 18336K, capacity 19138K, committed 19328K, reserved 1064960K
  class space    used 2626K, capacity 2829K, committed 2944K, reserved 1048576K
}
Event: 4.765 GC heap before
{Heap before GC invocations=8 (full 2):
 PSYoungGen      total 140800K, used 126471K [0x000000076b580000, 0x0000000784e00000, 0x00000007c0000000)
  eden space 130048K, 97% used [0x000000076b580000,0x0000000773101d60,0x0000000773480000)
  from space 10752K, 0% used [0x0000000773480000,0x0000000773480000,0x0000000773f00000)
  to   space 116224K, 0% used [0x000000077dc80000,0x000000077dc80000,0x0000000784e00000)
 ParOldGen       total 537600K, used 282934K [0x00000006c2000000, 0x00000006e2d00000, 0x000000076b580000)
  object space 537600K, 52% used [0x00000006c2000000,0x00000006d344da00,0x00000006e2d00000)
 Metaspace       used 18336K, capacity 19138K, committed 19328K, reserved 1064960K
  class space    used 2626K, capacity 2829K, committed 2944K, reserved 1048576K
Event: 4.777 GC heap after
Heap after GC invocations=8 (full 2):
 PSYoungGen      total 274432K, used 113537K [0x000000076b580000, 0x000000078a380000, 0x00000007c0000000)
  eden space 158208K, 0% used [0x000000076b580000,0x000000076b580000,0x0000000775000000)
  from space 116224K, 97% used [0x000000077dc80000,0x0000000784b606d0,0x0000000784e00000)
  to   space 143872K, 0% used [0x0000000775000000,0x0000000775000000,0x000000077dc80000)
 ParOldGen       total 537600K, used 290747K [0x00000006c2000000, 0x00000006e2d00000, 0x000000076b580000)
  object space 537600K, 54% used [0x00000006c2000000,0x00000006d3beec20,0x00000006e2d00000)
 Metaspace       used 18336K, capacity 19138K, committed 19328K, reserved 1064960K
  class space    used 2626K, capacity 2829K, committed 2944K, reserved 1048576K
}
Event: 5.795 GC heap before
{Heap before GC invocations=9 (full 2):
 PSYoungGen      total 274432K, used 271470K [0x000000076b580000, 0x000000078a380000, 0x00000007c0000000)
  eden space 158208K, 99% used [0x000000076b580000,0x0000000774fbb460,0x0000000775000000)
  from space 116224K, 97% used [0x000000077dc80000,0x0000000784b606d0,0x0000000784e00000)
  to   space 143872K, 0% used [0x0000000775000000,0x0000000775000000,0x000000077dc80000)
 ParOldGen       total 537600K, used 290747K [0x00000006c2000000, 0x00000006e2d00000, 0x000000076b580000)
  object space 537600K, 54% used [0x00000006c2000000,0x00000006d3beec20,0x00000006e2d00000)
 Metaspace       used 18483K, capacity 19388K, committed 19584K, reserved 1067008K
  class space    used 2630K, capacity 2836K, committed 2944K, reserved 1048576K
Event: 5.823 GC heap after
Heap after GC invocations=9 (full 2):
 PSYoungGen      total 302080K, used 141073K [0x000000076b580000, 0x0000000790980000, 0x00000007c0000000)
  eden space 158208K, 0% used [0x000000076b580000,0x000000076b580000,0x0000000775000000)
  from space 143872K, 98% used [0x0000000775000000,0x000000077d9c4640,0x000000077dc80000)
  to   space 175104K, 0% used [0x0000000785e80000,0x0000000785e80000,0x0000000790980000)
 ParOldGen       total 537600K, used 407943K [0x00000006c2000000, 0x00000006e2d00000, 0x000000076b580000)
  object space 537600K, 75% used [0x00000006c2000000,0x00000006dae61c00,0x00000006e2d00000)
 Metaspace       used 18483K, capacity 19388K, committed 19584K, reserved 1067008K
  class space    used 2630K, capacity 2836K, committed 2944K, reserved 1048576K
}
Event: 5.823 GC heap before
{Heap before GC invocations=10 (full 3):
 PSYoungGen      total 302080K, used 141073K [0x000000076b580000, 0x0000000790980000, 0x00000007c0000000)
  eden space 158208K, 0% used [0x000000076b580000,0x000000076b580000,0x0000000775000000)
  from space 143872K, 98% used [0x0000000775000000,0x000000077d9c4640,0x000000077dc80000)
  to   space 175104K, 0% used [0x0000000785e80000,0x0000000785e80000,0x0000000790980000)
 ParOldGen       total 537600K, used 407943K [0x00000006c2000000, 0x00000006e2d00000, 0x000000076b580000)
  object space 537600K, 75% used [0x00000006c2000000,0x00000006dae61c00,0x00000006e2d00000)
 Metaspace       used 18483K, capacity 19388K, committed 19584K, reserved 1067008K
  class space    used 2630K, capacity 2836K, committed 2944K, reserved 1048576K
Event: 5.886 GC heap after
Heap after GC invocations=10 (full 3):
 PSYoungGen      total 302080K, used 0K [0x000000076b580000, 0x0000000790980000, 0x00000007c0000000)
  eden space 158208K, 0% used [0x000000076b580000,0x000000076b580000,0x0000000775000000)
  from space 143872K, 0% used [0x0000000775000000,0x0000000775000000,0x000000077dc80000)
  to   space 175104K, 0% used [0x0000000785e80000,0x0000000785e80000,0x0000000790980000)
 ParOldGen       total 740352K, used 419537K [0x00000006c2000000, 0x00000006ef300000, 0x000000076b580000)
  object space 740352K, 56% used [0x00000006c2000000,0x00000006db9b45b0,0x00000006ef300000)
 Metaspace       used 18483K, capacity 19388K, committed 19584K, reserved 1067008K
  class space    used 2630K, capacity 2836K, committed 2944K, reserved 1048576K
}

